########### array before sorts ###########
0	-7.000000	37.000000	-7.000000	29.800000	n
1	-7.000000	29.800000	-4.800000	29.800000	n
2	-4.800000	29.800000	-4.800000	8.200000	n
3	-4.800000	8.200000	-7.000000	8.200000	n
4	-7.000000	8.200000	-7.000000	1.000000	n
5	-7.000000	1.000000	69.500000	1.000000	n
6	-7.000000	37.000000	69.500000	37.000000	n
7	69.500000	37.000000	69.500000	31.600000	n
8	69.500000	31.600000	76.500000	31.600000	n
9	76.500000	31.600000	76.500000	6.450000	n
10	76.500000	6.450000	69.500000	6.450000	n
11	69.500000	1.000000	69.500000	6.450000	n
12	50.900000	4.300000	45.400000	4.300000	n
13	19.500000	4.300000	14.000000	4.300000	n
14	19.500000	33.700000	14.000000	33.700000	n
15	50.900000	33.700000	45.400000	33.700000	n
Tolerance=0.050000.
*Exact match for i=0 and j=1.
*i point -7.000000	37.000000	-7.000000	29.800000	y
*Exact match for i=1 and j=2.
*i point -7.000000	29.800000	-4.800000	29.800000	y
*Exact match for i=2 and j=3.
*i point -4.800000	29.800000	-4.800000	8.200000	y
*Exact match for i=3 and j=4.
*i point -4.800000	8.200000	-7.000000	8.200000	y
*Exact match for i=4 and j=5.
*i point -7.000000	8.200000	-7.000000	1.000000	y
*Exact match for i=5 and j=11.
*i point -7.000000	1.000000	69.500000	1.000000	y
*Exact match for i=6 and j=10.
*i point 69.500000	1.000000	69.500000	6.450000	y
	*Before flip 	76.500000	6.450000	69.500000	6.450000	y
	*After flip 	69.500000	6.450000	76.500000	6.450000	y
*Exact match for i=7 and j=9.
*i point 69.500000	6.450000	76.500000	6.450000	y
	*Before flip 	76.500000	31.600000	76.500000	6.450000	y
	*After flip 	76.500000	6.450000	76.500000	31.600000	y
*Exact match for i=8 and j=9.
*i point 76.500000	6.450000	76.500000	31.600000	y
	*Before flip 	69.500000	31.600000	76.500000	31.600000	y
	*After flip 	76.500000	31.600000	69.500000	31.600000	y
*Exact match for i=9 and j=10.
*i point 76.500000	31.600000	69.500000	31.600000	y
	*Before flip 	69.500000	37.000000	69.500000	31.600000	y
	*After flip 	69.500000	31.600000	69.500000	37.000000	y
*Exact match for i=10 and j=11.
*i point 69.500000	31.600000	69.500000	37.000000	y
	*Before flip 	-7.000000	37.000000	69.500000	37.000000	y
	*After flip 	69.500000	37.000000	-7.000000	37.000000	y
No match for i=12.
########### array after sorts ###########
0	-7.000000	37.000000	-7.000000	29.800000	y
1	-7.000000	29.800000	-4.800000	29.800000	y
2	-4.800000	29.800000	-4.800000	8.200000	y
3	-4.800000	8.200000	-7.000000	8.200000	y
4	-7.000000	8.200000	-7.000000	1.000000	y
5	-7.000000	1.000000	69.500000	1.000000	y
6	69.500000	1.000000	69.500000	6.450000	y
7	69.500000	6.450000	76.500000	6.450000	y
8	76.500000	6.450000	76.500000	31.600000	y
9	76.500000	31.600000	69.500000	31.600000	y
10	69.500000	31.600000	69.500000	37.000000	y
11	69.500000	37.000000	-7.000000	37.000000	y
12	50.900000	4.300000	45.400000	4.300000	y
13	19.500000	4.300000	14.000000	4.300000	n
14	19.500000	33.700000	14.000000	33.700000	n
15	50.900000	33.700000	45.400000	33.700000	n
***************
LAYER 105 IDFDebug;SET COLOR_LAYER 105 red;CIRCLE (45.400000 4.300000) (47.400000 4.300000);change width 0.01;
SET Wire_Bend 2;
WIRE ( -7.000000 37.000000) (-7.000000 29.800000);WIRE ( -7.000000 29.800000) (-4.800000 29.800000);WIRE ( -4.800000 29.800000) (-4.800000 8.200000);WIRE ( -4.800000 8.200000) (-7.000000 8.200000);WIRE ( -7.000000 8.200000) (-7.000000 1.000000);WIRE ( -7.000000 1.000000) (69.500000 1.000000);WIRE ( 69.500000 1.000000) (69.500000 6.450000);WIRE ( 69.500000 6.450000) (76.500000 6.450000);WIRE ( 76.500000 6.450000) (76.500000 31.600000);WIRE ( 76.500000 31.600000) (69.500000 31.600000);WIRE ( 69.500000 31.600000) (69.500000 37.000000);WIRE ( 69.500000 37.000000) (-7.000000 37.000000);WIRE ( 50.900000 4.300000) (45.400000 4.300000);DISPLAY NONE;DISPLAY 20 105;WINDOW FIT;***************
.BOARD_OUTLINE UNOWNED
1.6
0     -7.000000     37.000000     0
0     -7.000000     29.800000     0
0     -4.800000     29.800000     0
0     -4.800000     8.200000     0
0     -7.000000     8.200000     0
0     -7.000000     1.000000     0
0     69.500000     1.000000     0
0     69.500000     6.450000     0
0     76.500000     6.450000     0
0     76.500000     31.600000     0
0     69.500000     31.600000     0
0     69.500000     37.000000     0
0     -7.000000     37.000000     0
1     50.900000     4.300000     0
